#
# A fatal error has been detected by the Java Runtime Environment:
#
#  EXCEPTION_ACCESS_VIOLATION (0xc0000005) at pc=0x0000000070e7e2de, pid=11036, tid=0x0000000000004440
#
# JRE version: Java(TM) SE Runtime Environment (8.0_202-b08) (build 1.8.0_202-b08)
# Java VM: Java HotSpot(TM) 64-Bit Server VM (25.202-b08 mixed mode windows-amd64 compressed oops)
# Problematic frame:
# V  [jvm.dll+0x13e2de]
#
# Failed to write core dump. Minidumps are not enabled by default on client versions of Windows
#
# If you would like to submit a bug report, please visit:
#   http://bugreport.java.com/bugreport/crash.jsp
#

---------------  T H R E A D  ---------------

Current thread (0x000000000379c800):  JavaThread "main" [_thread_in_vm, id=17472, stack(0x0000000003690000,0x0000000003790000)]

siginfo: ExceptionCode=0xc0000005, reading address 0xffffffffffffffff

Registers:
RAX=0x00000007c02a35d8, RBX=0x000000000379c800, RCX=0x00000006c0d44260, RDX=0x0000000000000018
RSP=0x000000000378eb60, RBP=0x000000000378ebf0, RSI=0x01000c0000002400, RDI=0x00000006c0d44260
R8 =0x000000000378ebb0, R9 =0x000000000378ebb8, R10=0x00007ff861b514b8, R11=0x0000000000000000
R12=0x0000000000000000, R13=0x0000000772c061d0, R14=0x000000076ccbe9b8, R15=0x000000000379c800
RIP=0x0000000070e7e2de, EFLAGS=0x0000000000010246

Top of Stack: (sp=0x000000000378eb60)
0x000000000378eb60:   000000000378f0a8 0000000003c25bfc
0x000000000378eb70:   000000000378ed60 0000000003a2f00c
0x000000000378eb80:   000000076d5db238 0000000003a54591
0x000000000378eb90:   000000076ccbe9b8 000000076cc26bb8
0x000000000378eba0:   0000000772aec238 000000076d5db238
0x000000000378ebb0:   00000006c0d44260 000000076cc26bb8
0x000000000378ebc0:   0000000772dcfa00 0000000772aec238
0x000000000378ebd0:   0000000772dcfa00 0000000772dcfa00
0x000000000378ebe0:   0000000772dcfa00 000000076b31c1f0
0x000000000378ebf0:   000000000378f0a8 0000000003c26a24
0x000000000378ec00:   0000000000000400 0000000772c59290
0x000000000378ec10:   0000000772dcfa00 000000076b353bf8
0x000000000378ec20:   416ed1361954f936 000000076c2f4f70
0x000000000378ec30:   0000000000000400 0000000003bf25ec
0x000000000378ec40:   0000000000000400 0000000003bf25ec
0x000000000378ec50:   000000000378ed60 0000000003c251fc 

Instructions: (pc=0x0000000070e7e2de)
0x0000000070e7e2be:   cf e8 ec ae f2 ff 84 c0 75 66 48 8b ce e8 c0 ae
0x0000000070e7e2ce:   f2 ff 48 8b cf 48 8b f0 e8 b5 ae f2 ff 8b 50 0c
0x0000000070e7e2de:   48 39 04 32 75 04 b0 01 eb 14 83 fa 18 74 04 32
0x0000000070e7e2ee:   c0 eb 0b 48 8b d0 48 8b ce e8 a4 7b fe ff 84 c0 


Register to memory mapping:

RAX=0x00000007c02a35d8 is pointing into metadata
RBX=0x000000000379c800 is a thread
RCX=0x00000006c0d44260 is an oop
java.lang.Class 
 - klass: 'java/lang/Class'
RDX=0x0000000000000018 is an unknown value
RSP=0x000000000378eb60 is pointing into the stack for thread: 0x000000000379c800
RBP=0x000000000378ebf0 is pointing into the stack for thread: 0x000000000379c800
RSI=0x01000c0000002400 is an unknown value
RDI=0x00000006c0d44260 is an oop
java.lang.Class 
 - klass: 'java/lang/Class'
R8 =0x000000000378ebb0 is pointing into the stack for thread: 0x000000000379c800
R9 =0x000000000378ebb8 is pointing into the stack for thread: 0x000000000379c800
R10=0x00007ff861b514b8 is an unknown value
R11=0x0000000000000000 is an unknown value
R12=0x0000000000000000 is an unknown value
R13=0x0000000772c061d0 is an oop
java.lang.Class 
 - klass: 'java/lang/Class'
R14=0x000000076ccbe9b8 is an oop
org.springframework.context.annotation.ConfigurationClassBeanDefinitionReader$ConfigurationClassBeanDefinition 
 - klass: 'org/springframework/context/annotation/ConfigurationClassBeanDefinitionReader$ConfigurationClassBeanDefinition'
R15=0x000000000379c800 is a thread


Stack: [0x0000000003690000,0x0000000003790000],  sp=0x000000000378eb60,  free space=1018k
Native frames: (J=compiled Java code, j=interpreted, Vv=VM code, C=native code)
V  [jvm.dll+0x13e2de]
C  0x0000000003a54591

Java frames: (J=compiled Java code, j=interpreted, Vv=VM code)
J 496  java.lang.Class.isAssignableFrom(Ljava/lang/Class;)Z (0 bytes) @ 0x0000000003a5450f [0x0000000003a544c0+0x4f]
J 1655 C1 org.springframework.beans.factory.support.AbstractBeanFactory.isTypeMatch(Ljava/lang/String;Lorg/springframework/core/ResolvableType;Z)Z (607 bytes) @ 0x0000000003c26a24 [0x0000000003c262c0+0x764]
J 2695 C1 org.springframework.beans.factory.support.DefaultListableBeanFactory.doGetBeanNamesForType(Lorg/springframework/core/ResolvableType;ZZ)[Ljava/lang/String; (506 bytes) @ 0x0000000003e098cc [0x0000000003e09340+0x58c]
J 2775 C1 org.springframework.beans.factory.support.DefaultListableBeanFactory.getBeanNamesForType(Ljava/lang/Class;ZZ)[Ljava/lang/String; (101 bytes) @ 0x0000000003e316b4 [0x0000000003e313c0+0x2f4]
j  org.springframework.integration.jmx.config.JmxIntegrationConfigurationInitializer.registerMBeanExporterHelperIfNecessary(Lorg/springframework/beans/factory/config/ConfigurableListableBeanFactory;)V+17
j  org.springframework.integration.jmx.config.JmxIntegrationConfigurationInitializer.initialize(Lorg/springframework/beans/factory/config/ConfigurableListableBeanFactory;)V+2
j  org.springframework.integration.config.IntegrationConfigurationBeanFactoryPostProcessor.postProcessBeanDefinitionRegistry(Lorg/springframework/beans/factory/support/BeanDefinitionRegistry;)V+50
j  org.springframework.context.support.PostProcessorRegistrationDelegate.invokeBeanDefinitionRegistryPostProcessors(Ljava/util/Collection;Lorg/springframework/beans/factory/support/BeanDefinitionRegistry;)V+28
j  org.springframework.context.support.PostProcessorRegistrationDelegate.invokeBeanFactoryPostProcessors(Lorg/springframework/beans/factory/config/ConfigurableListableBeanFactory;Ljava/util/List;)V+478
j  org.springframework.context.support.AbstractApplicationContext.invokeBeanFactoryPostProcessors(Lorg/springframework/beans/factory/config/ConfigurableListableBeanFactory;)V+5
j  org.springframework.context.support.AbstractApplicationContext.refresh()V+28
j  org.springframework.boot.web.servlet.context.ServletWebServerApplicationContext.refresh()V+1
j  org.springframework.boot.SpringApplication.refresh(Lorg/springframework/context/ApplicationContext;)V+10
j  org.springframework.boot.SpringApplication.refreshContext(Lorg/springframework/context/ConfigurableApplicationContext;)V+2
j  org.springframework.boot.SpringApplication.run([Ljava/lang/String;)Lorg/springframework/context/ConfigurableApplicationContext;+118
j  org.springframework.boot.SpringApplication.run([Ljava/lang/Class;[Ljava/lang/String;)Lorg/springframework/context/ConfigurableApplicationContext;+9
j  org.springframework.boot.SpringApplication.run(Ljava/lang/Class;[Ljava/lang/String;)Lorg/springframework/context/ConfigurableApplicationContext;+9
j  com.payment.provider.PaymentProviderApplication.main([Ljava/lang/String;)V+3
v  ~StubRoutines::call_stub

---------------  P R O C E S S  ---------------

Java Threads: ( => current thread )
  0x0000000023e4d800 JavaThread "RMI TCP Connection(4)-127.0.0.1" daemon [_thread_in_native, id=14360, stack(0x0000000024f00000,0x0000000025000000)]
  0x0000000021a71000 JavaThread "RMI TCP Connection(3)-127.0.0.1" daemon [_thread_in_native, id=7312, stack(0x0000000022d30000,0x0000000022e30000)]
  0x0000000021a6c000 JavaThread "RMI Scheduler(0)" daemon [_thread_blocked, id=19388, stack(0x0000000022c30000,0x0000000022d30000)]
  0x0000000021a2e800 JavaThread "RMI TCP Connection(1)-127.0.0.1" daemon [_thread_in_native, id=18980, stack(0x0000000022b30000,0x0000000022c30000)]
  0x000000002128c000 JavaThread "RMI TCP Accept-0" daemon [_thread_in_native, id=17980, stack(0x00000000214b0000,0x00000000215b0000)]
  0x0000000021220800 JavaThread "RMI TCP Accept-59947" daemon [_thread_in_native, id=13668, stack(0x00000000213b0000,0x00000000214b0000)]
  0x0000000021212800 JavaThread "RMI TCP Accept-0" daemon [_thread_in_native, id=9400, stack(0x00000000212b0000,0x00000000213b0000)]
  0x000000001ed6d800 JavaThread "Service Thread" daemon [_thread_blocked, id=18372, stack(0x0000000020900000,0x0000000020a00000)]
  0x000000001eccd800 JavaThread "C1 CompilerThread3" daemon [_thread_blocked, id=272, stack(0x0000000020800000,0x0000000020900000)]
  0x000000001ecc5800 JavaThread "C2 CompilerThread2" daemon [_thread_blocked, id=18484, stack(0x0000000020700000,0x0000000020800000)]
  0x000000001ecc3000 JavaThread "C2 CompilerThread1" daemon [_thread_blocked, id=12576, stack(0x0000000020600000,0x0000000020700000)]
  0x000000001ecbc800 JavaThread "C2 CompilerThread0" daemon [_thread_blocked, id=16804, stack(0x0000000020500000,0x0000000020600000)]
  0x000000001ecb1800 JavaThread "JDWP Command Reader" daemon [_thread_in_native, id=2504, stack(0x0000000020400000,0x0000000020500000)]
  0x000000001eca6800 JavaThread "JDWP Event Helper Thread" daemon [_thread_blocked, id=3324, stack(0x0000000020300000,0x0000000020400000)]
  0x000000001ec99800 JavaThread "JDWP Transport Listener: dt_socket" daemon [_thread_blocked, id=4024, stack(0x0000000020200000,0x0000000020300000)]
  0x000000001ec8e800 JavaThread "Attach Listener" daemon [_thread_blocked, id=7620, stack(0x00000000200e0000,0x00000000201e0000)]
  0x000000001ec3a800 JavaThread "Signal Dispatcher" daemon [_thread_blocked, id=6696, stack(0x000000001ffe0000,0x00000000200e0000)]
  0x000000001d54a800 JavaThread "Finalizer" daemon [_thread_blocked, id=10496, stack(0x000000001fe80000,0x000000001ff80000)]
  0x000000001ec13000 JavaThread "Reference Handler" daemon [_thread_blocked, id=6656, stack(0x000000001fd80000,0x000000001fe80000)]
=>0x000000000379c800 JavaThread "main" [_thread_in_vm, id=17472, stack(0x0000000003690000,0x0000000003790000)]

Other Threads:
  0x000000001ebf2800 VMThread [stack: 0x000000001fc80000,0x000000001fd80000] [id=3688]
  0x000000002128f000 WatcherThread [stack: 0x00000000215b0000,0x00000000216b0000] [id=2020]

VM state:not at safepoint (normal execution)

VM Mutex/Monitor currently owned by a thread: None

heap address: 0x00000006c0c00000, size: 4084 MB, Compressed Oops mode: Zero based, Oop shift amount: 3
Narrow klass base: 0x0000000000000000, Narrow klass shift: 3
Compressed class space size: 1073741824 Address: 0x00000007c0000000

Heap:
 PSYoungGen      total 136704K, used 52469K [0x000000076af00000, 0x0000000777a80000, 0x00000007c0000000)
  eden space 125952K, 33% used [0x000000076af00000,0x000000076d886ec8,0x0000000772a00000)
  from space 10752K, 92% used [0x0000000772a00000,0x00000007733b66d0,0x0000000773480000)
  to   space 12800K, 0% used [0x0000000776e00000,0x0000000776e00000,0x0000000777a80000)
 ParOldGen       total 90112K, used 6177K [0x00000006c0c00000, 0x00000006c6400000, 0x000000076af00000)
  object space 90112K, 6% used [0x00000006c0c00000,0x00000006c12085f0,0x00000006c6400000)
 Metaspace       used 28784K, capacity 29990K, committed 30208K, reserved 1075200K
  class space    used 3964K, capacity 4233K, committed 4352K, reserved 1048576K

Card table byte_map: [0x0000000012c50000,0x0000000013450000] byte_map_base: 0x000000000f64a000

Marking Bits: (ParMarkBitMap*) 0x0000000071565ce0
 Begin Bits: [0x00000000143b0000, 0x0000000018380000)
 End Bits:   [0x0000000018380000, 0x000000001c350000)

Polling page: 0x0000000001900000

CodeCache: size=245760Kb used=6053Kb max_used=6053Kb free=239706Kb
 bounds [0x0000000003890000, 0x0000000003e80000, 0x0000000012890000]
 total_blobs=3306 nmethods=2907 adapters=320
 compilation: enabled

Compilation events (10 events):
Event: 3.580 Thread 0x000000001eccd800 2902   !   1       java.io.ObjectInputStream$BlockDataInputStream::readUTFSpan (502 bytes)
Event: 3.581 Thread 0x000000001eccd800 nmethod 2902 0x0000000003e76310 code [0x0000000003e76540, 0x0000000003e76fa8]
Event: 3.582 Thread 0x000000001eccd800 2903       1       java.io.ObjectStreamField::getTypeCode (9 bytes)
Event: 3.582 Thread 0x000000001eccd800 nmethod 2903 0x0000000003e781d0 code [0x0000000003e78340, 0x0000000003e78528]
Event: 3.582 Thread 0x000000001eccd800 2905       1       java.io.ObjectStreamClass::isExternalizable (9 bytes)
Event: 3.582 Thread 0x000000001eccd800 nmethod 2905 0x0000000003e78690 code [0x0000000003e78800, 0x0000000003e789a8]
Event: 3.582 Thread 0x000000001eccd800 2907       1       java.io.ObjectOutputStream$BlockDataOutputStream::write (152 bytes)
Event: 3.582 Thread 0x000000001eccd800 nmethod 2907 0x0000000003e78a90 code [0x0000000003e78c40, 0x0000000003e79038]
Event: 3.582 Thread 0x000000001eccd800 2906       1       java.io.ObjectStreamClass::getClassDataLayout (20 bytes)
Event: 3.582 Thread 0x000000001eccd800 nmethod 2906 0x0000000003e79210 code [0x0000000003e79360, 0x0000000003e794e8]

GC Heap History (10 events):
Event: 1.895 GC heap before
{Heap before GC invocations=2 (full 0):
 PSYoungGen      total 76288K, used 73560K [0x000000076af00000, 0x0000000770400000, 0x00000007c0000000)
  eden space 65536K, 100% used [0x000000076af00000,0x000000076ef00000,0x000000076ef00000)
  from space 10752K, 74% used [0x000000076ef00000,0x000000076f6d60b8,0x000000076f980000)
  to   space 10752K, 0% used [0x000000076f980000,0x000000076f980000,0x0000000770400000)
 ParOldGen       total 175104K, used 16K [0x00000006c0c00000, 0x00000006cb700000, 0x000000076af00000)
  object space 175104K, 0% used [0x00000006c0c00000,0x00000006c0c04000,0x00000006cb700000)
 Metaspace       used 19857K, capacity 20550K, committed 20736K, reserved 1067008K
  class space    used 2633K, capacity 2811K, committed 2816K, reserved 1048576K
Event: 1.902 GC heap after
Heap after GC invocations=2 (full 0):
 PSYoungGen      total 76288K, used 10733K [0x000000076af00000, 0x0000000770400000, 0x00000007c0000000)
  eden space 65536K, 0% used [0x000000076af00000,0x000000076af00000,0x000000076ef00000)
  from space 10752K, 99% used [0x000000076f980000,0x00000007703fb680,0x0000000770400000)
  to   space 10752K, 0% used [0x000000076ef00000,0x000000076ef00000,0x000000076f980000)
 ParOldGen       total 175104K, used 24K [0x00000006c0c00000, 0x00000006cb700000, 0x000000076af00000)
  object space 175104K, 0% used [0x00000006c0c00000,0x00000006c0c06000,0x00000006cb700000)
 Metaspace       used 19857K, capacity 20550K, committed 20736K, reserved 1067008K
  class space    used 2633K, capacity 2811K, committed 2816K, reserved 1048576K
}
Event: 1.955 GC heap before
{Heap before GC invocations=3 (full 0):
 PSYoungGen      total 76288K, used 20182K [0x000000076af00000, 0x0000000770400000, 0x00000007c0000000)
  eden space 65536K, 14% used [0x000000076af00000,0x000000076b83a508,0x000000076ef00000)
  from space 10752K, 99% used [0x000000076f980000,0x00000007703fb680,0x0000000770400000)
  to   space 10752K, 0% used [0x000000076ef00000,0x000000076ef00000,0x000000076f980000)
 ParOldGen       total 175104K, used 24K [0x00000006c0c00000, 0x00000006cb700000, 0x000000076af00000)
  object space 175104K, 0% used [0x00000006c0c00000,0x00000006c0c06000,0x00000006cb700000)
 Metaspace       used 20532K, capacity 21270K, committed 21296K, reserved 1067008K
  class space    used 2713K, capacity 2919K, committed 2944K, reserved 1048576K
Event: 1.960 GC heap after
Heap after GC invocations=3 (full 0):
 PSYoungGen      total 76288K, used 6401K [0x000000076af00000, 0x0000000774400000, 0x00000007c0000000)
  eden space 65536K, 0% used [0x000000076af00000,0x000000076af00000,0x000000076ef00000)
  from space 10752K, 59% used [0x000000076ef00000,0x000000076f5404d8,0x000000076f980000)
  to   space 10752K, 0% used [0x0000000773980000,0x0000000773980000,0x0000000774400000)
 ParOldGen       total 175104K, used 32K [0x00000006c0c00000, 0x00000006cb700000, 0x000000076af00000)
  object space 175104K, 0% used [0x00000006c0c00000,0x00000006c0c08000,0x00000006cb700000)
 Metaspace       used 20532K, capacity 21270K, committed 21296K, reserved 1067008K
  class space    used 2713K, capacity 2919K, committed 2944K, reserved 1048576K
}
Event: 1.960 GC heap before
{Heap before GC invocations=4 (full 1):
 PSYoungGen      total 76288K, used 6401K [0x000000076af00000, 0x0000000774400000, 0x00000007c0000000)
  eden space 65536K, 0% used [0x000000076af00000,0x000000076af00000,0x000000076ef00000)
  from space 10752K, 59% used [0x000000076ef00000,0x000000076f5404d8,0x000000076f980000)
  to   space 10752K, 0% used [0x0000000773980000,0x0000000773980000,0x0000000774400000)
 ParOldGen       total 175104K, used 32K [0x00000006c0c00000, 0x00000006cb700000, 0x000000076af00000)
  object space 175104K, 0% used [0x00000006c0c00000,0x00000006c0c08000,0x00000006cb700000)
 Metaspace       used 20532K, capacity 21270K, committed 21296K, reserved 1067008K
  class space    used 2713K, capacity 2919K, committed 2944K, reserved 1048576K
Event: 1.981 GC heap after
Heap after GC invocations=4 (full 1):
 PSYoungGen      total 76288K, used 0K [0x000000076af00000, 0x0000000774400000, 0x00000007c0000000)
  eden space 65536K, 0% used [0x000000076af00000,0x000000076af00000,0x000000076ef00000)
  from space 10752K, 0% used [0x000000076ef00000,0x000000076ef00000,0x000000076f980000)
  to   space 10752K, 0% used [0x0000000773980000,0x0000000773980000,0x0000000774400000)
 ParOldGen       total 90112K, used 6161K [0x00000006c0c00000, 0x00000006c6400000, 0x000000076af00000)
  object space 90112K, 6% used [0x00000006c0c00000,0x00000006c12045f0,0x00000006c6400000)
 Metaspace       used 20530K, capacity 21264K, committed 21296K, reserved 1067008K
  class space    used 2712K, capacity 2918K, committed 2944K, reserved 1048576K
}
Event: 2.756 GC heap before
{Heap before GC invocations=5 (full 1):
 PSYoungGen      total 76288K, used 65536K [0x000000076af00000, 0x0000000774400000, 0x00000007c0000000)
  eden space 65536K, 100% used [0x000000076af00000,0x000000076ef00000,0x000000076ef00000)
  from space 10752K, 0% used [0x000000076ef00000,0x000000076ef00000,0x000000076f980000)
  to   space 10752K, 0% used [0x0000000773980000,0x0000000773980000,0x0000000774400000)
 ParOldGen       total 90112K, used 6161K [0x00000006c0c00000, 0x00000006c6400000, 0x000000076af00000)
  object space 90112K, 6% used [0x00000006c0c00000,0x00000006c12045f0,0x00000006c6400000)
 Metaspace       used 23842K, capacity 24818K, committed 24960K, reserved 1071104K
  class space    used 3194K, capacity 3437K, committed 3456K, reserved 1048576K
Event: 2.760 GC heap after
Heap after GC invocations=5 (full 1):
 PSYoungGen      total 116224K, used 5505K [0x000000076af00000, 0x0000000773f00000, 0x00000007c0000000)
  eden space 110592K, 0% used [0x000000076af00000,0x000000076af00000,0x0000000771b00000)
  from space 5632K, 97% used [0x0000000773980000,0x0000000773ee0740,0x0000000773f00000)
  to   space 10752K, 0% used [0x0000000772a00000,0x0000000772a00000,0x0000000773480000)
 ParOldGen       total 90112K, used 6169K [0x00000006c0c00000, 0x00000006c6400000, 0x000000076af00000)
  object space 90112K, 6% used [0x00000006c0c00000,0x00000006c12065f0,0x00000006c6400000)
 Metaspace       used 23842K, capacity 24818K, committed 24960K, reserved 1071104K
  class space    used 3194K, capacity 3437K, committed 3456K, reserved 1048576K
}
Event: 3.300 GC heap before
{Heap before GC invocations=6 (full 1):
 PSYoungGen      total 116224K, used 116097K [0x000000076af00000, 0x0000000773f00000, 0x00000007c0000000)
  eden space 110592K, 100% used [0x000000076af00000,0x0000000771b00000,0x0000000771b00000)
  from space 5632K, 97% used [0x0000000773980000,0x0000000773ee0740,0x0000000773f00000)
  to   space 10752K, 0% used [0x0000000772a00000,0x0000000772a00000,0x0000000773480000)
 ParOldGen       total 90112K, used 6169K [0x00000006c0c00000, 0x00000006c6400000, 0x000000076af00000)
  object space 90112K, 6% used [0x00000006c0c00000,0x00000006c12065f0,0x00000006c6400000)
 Metaspace       used 27405K, capacity 28572K, committed 28672K, reserved 1073152K
  class space    used 3733K, capacity 4002K, committed 4096K, reserved 1048576K
Event: 3.306 GC heap after
Heap after GC invocations=6 (full 1):
 PSYoungGen      total 136704K, used 9945K [0x000000076af00000, 0x0000000777a80000, 0x00000007c0000000)
  eden space 125952K, 0% used [0x000000076af00000,0x000000076af00000,0x0000000772a00000)
  from space 10752K, 92% used [0x0000000772a00000,0x00000007733b66d0,0x0000000773480000)
  to   space 12800K, 0% used [0x0000000776e00000,0x0000000776e00000,0x0000000777a80000)
 ParOldGen       total 90112K, used 6177K [0x00000006c0c00000, 0x00000006c6400000, 0x000000076af00000)
  object space 90112K, 6% used [0x00000006c0c00000,0x00000006c12085f0,0x00000006c6400000)
 Metaspace       used 27405K, capacity 28572K, committed 28672K, reserved 1073152K
  class space    used 3733K, capacity 4002K, committed 4096K, reserved 1048576K
}

Deoptimization events (0 events):
No events

Classes redefined (0 events):
No events

Internal exceptions (10 events):
Event: 3.442 Thread 0x000000000379c800 Exception <a 'java/lang/ArrayIndexOutOfBoundsException'> (0x000000076c17a328) thrown at [C:\re\workspace\8-2-build-windows-amd64-cygwin\jdk8u202\12323\hotspot\src\share\vm\runtime\sharedRuntime.cpp, line 605]
Event: 3.456 Thread 0x000000000379c800 Exception <a 'java/lang/ArrayIndexOutOfBoundsException'> (0x000000076c370980) thrown at [C:\re\workspace\8-2-build-windows-amd64-cygwin\jdk8u202\12323\hotspot\src\share\vm\runtime\sharedRuntime.cpp, line 605]
Event: 3.472 Thread 0x000000000379c800 Exception <a 'java/lang/ArrayIndexOutOfBoundsException'> (0x000000076c592c20) thrown at [C:\re\workspace\8-2-build-windows-amd64-cygwin\jdk8u202\12323\hotspot\src\share\vm\runtime\sharedRuntime.cpp, line 605]
Event: 3.472 Thread 0x000000000379c800 Exception <a 'java/lang/ArrayIndexOutOfBoundsException'> (0x000000076c5a8f30) thrown at [C:\re\workspace\8-2-build-windows-amd64-cygwin\jdk8u202\12323\hotspot\src\share\vm\runtime\sharedRuntime.cpp, line 605]
Event: 3.492 Thread 0x000000000379c800 Exception <a 'java/lang/ArrayIndexOutOfBoundsException'> (0x000000076c908300) thrown at [C:\re\workspace\8-2-build-windows-amd64-cygwin\jdk8u202\12323\hotspot\src\share\vm\runtime\sharedRuntime.cpp, line 605]
Event: 3.497 Thread 0x000000000379c800 Exception <a 'java/lang/ArrayIndexOutOfBoundsException'> (0x000000076c9a5b30) thrown at [C:\re\workspace\8-2-build-windows-amd64-cygwin\jdk8u202\12323\hotspot\src\share\vm\runtime\sharedRuntime.cpp, line 605]
Event: 3.509 Thread 0x000000000379c800 Exception <a 'java/lang/ArrayIndexOutOfBoundsException'> (0x000000076cb58168) thrown at [C:\re\workspace\8-2-build-windows-amd64-cygwin\jdk8u202\12323\hotspot\src\share\vm\runtime\sharedRuntime.cpp, line 605]
Event: 3.527 Thread 0x000000000379c800 Exception <a 'java/lang/ArrayIndexOutOfBoundsException'> (0x000000076ce4c380) thrown at [C:\re\workspace\8-2-build-windows-amd64-cygwin\jdk8u202\12323\hotspot\src\share\vm\runtime\sharedRuntime.cpp, line 605]
Event: 3.532 Thread 0x000000000379c800 Exception <a 'java/lang/ArrayIndexOutOfBoundsException'> (0x000000076cf2f270) thrown at [C:\re\workspace\8-2-build-windows-amd64-cygwin\jdk8u202\12323\hotspot\src\share\vm\runtime\sharedRuntime.cpp, line 605]
Event: 3.581 Thread 0x0000000023e4d800 Exception <a 'java/lang/reflect/InvocationTargetException'> (0x000000076d75e048) thrown at [C:\re\workspace\8-2-build-windows-amd64-cygwin\jdk8u202\12323\hotspot\src\share\vm\runtime\reflection.cpp, line 1092]

Events (10 events):
Event: 3.573 Thread 0x000000000379c800 DEOPT UNPACKING pc=0x00000000038d7490 sp=0x000000000378dd70 mode 1
Event: 3.578 Thread 0x0000000023e4d800 Thread added: 0x0000000023e4d800
Event: 3.580 Thread 0x0000000023e98800 Thread added: 0x0000000023e98800
Event: 3.581 Thread 0x0000000023e4d800 DEOPT PACKING pc=0x0000000003ca079c sp=0x0000000024ffd6d0
Event: 3.581 Thread 0x0000000023e4d800 DEOPT UNPACKING pc=0x00000000038d7490 sp=0x0000000024ffd4f0 mode 1
Event: 3.581 Thread 0x0000000023e4d800 DEOPT PACKING pc=0x0000000003c9f704 sp=0x0000000024ffd820
Event: 3.581 Thread 0x0000000023e4d800 DEOPT UNPACKING pc=0x00000000038d7490 sp=0x0000000024ffd548 mode 1
Event: 3.581 Thread 0x0000000023e4d800 DEOPT PACKING pc=0x0000000003c9f2dc sp=0x0000000024ffd870
Event: 3.581 Thread 0x0000000023e4d800 DEOPT UNPACKING pc=0x00000000038d7490 sp=0x0000000024ffd618 mode 1
Event: 3.582 Thread 0x0000000023e98800 Thread exited: 0x0000000023e98800


Dynamic libraries:
0x00007ff6b30a0000 - 0x00007ff6b30d7000 	D:\Program Files\Java\jdk1.8.0_202\bin\java.exe
0x00007ff88d7b0000 - 0x00007ff88d99d000 	C:\Windows\SYSTEM32\ntdll.dll
0x00007ff88bbe0000 - 0x00007ff88bc93000 	C:\Windows\System32\KERNEL32.DLL
0x00007ff88a550000 - 0x00007ff88a7e5000 	C:\Windows\System32\KERNELBASE.dll
0x00007ff88bca0000 - 0x00007ff88bd43000 	C:\Windows\System32\ADVAPI32.dll
0x00007ff88bb00000 - 0x00007ff88bb9e000 	C:\Windows\System32\msvcrt.dll
0x00007ff88ab00000 - 0x00007ff88ab9e000 	C:\Windows\System32\sechost.dll
0x00007ff88be00000 - 0x00007ff88bf22000 	C:\Windows\System32\RPCRT4.dll
0x00007ff88b960000 - 0x00007ff88baf7000 	C:\Windows\System32\USER32.dll
0x00007ff88a7f0000 - 0x00007ff88a810000 	C:\Windows\System32\win32u.dll
0x00007ff88ac80000 - 0x00007ff88aca9000 	C:\Windows\System32\GDI32.dll
0x00007ff88a3b0000 - 0x00007ff88a54a000 	C:\Windows\System32\gdi32full.dll
0x00007ff88a830000 - 0x00007ff88a8d0000 	C:\Windows\System32\msvcp_win.dll
0x00007ff88a2b0000 - 0x00007ff88a3aa000 	C:\Windows\System32\ucrtbase.dll
0x00007ff8791f0000 - 0x00007ff879469000 	C:\Windows\WinSxS\amd64_microsoft.windows.common-controls_6595b64144ccf1df_6.0.17763.1282_none_de75b6f253473c0f\COMCTL32.dll
0x00007ff88b4c0000 - 0x00007ff88b7ec000 	C:\Windows\System32\combase.dll
0x00007ff88a200000 - 0x00007ff88a27e000 	C:\Windows\System32\bcryptPrimitives.dll
0x00007ff88bba0000 - 0x00007ff88bbce000 	C:\Windows\System32\IMM32.DLL
0x00000000715f0000 - 0x00000000716c2000 	D:\Program Files\Java\jdk1.8.0_202\jre\bin\msvcr100.dll
0x0000000070d40000 - 0x00000000715e5000 	D:\Program Files\Java\jdk1.8.0_202\jre\bin\server\jvm.dll
0x00007ff88c140000 - 0x00007ff88c148000 	C:\Windows\System32\PSAPI.DLL
0x00007ff889460000 - 0x00007ff88946a000 	C:\Windows\SYSTEM32\VERSION.dll
0x00007ff8833c0000 - 0x00007ff8833c9000 	C:\Windows\SYSTEM32\WSOCK32.dll
0x00007ff8875e0000 - 0x00007ff887604000 	C:\Windows\SYSTEM32\WINMM.dll
0x00007ff88ae90000 - 0x00007ff88aefd000 	C:\Windows\System32\WS2_32.dll
0x00007ff8875b0000 - 0x00007ff8875dd000 	C:\Windows\SYSTEM32\winmmbase.dll
0x00007ff88a8d0000 - 0x00007ff88a91a000 	C:\Windows\System32\cfgmgr32.dll
0x00007ff87cc20000 - 0x00007ff87cc2f000 	D:\Program Files\Java\jdk1.8.0_202\jre\bin\verify.dll
0x00007ff861b50000 - 0x00007ff861b79000 	D:\Program Files\Java\jdk1.8.0_202\jre\bin\java.dll
0x00007ff870cf0000 - 0x00007ff870d25000 	D:\Program Files\Java\jdk1.8.0_202\jre\bin\jdwp.dll
0x00007ff87ce10000 - 0x00007ff87ce18000 	D:\Program Files\Java\jdk1.8.0_202\jre\bin\npt.dll
0x00007ff8659b0000 - 0x00007ff8659c6000 	D:\Program Files\Java\jdk1.8.0_202\jre\bin\zip.dll
0x00007ff88c150000 - 0x00007ff88d648000 	C:\Windows\System32\SHELL32.dll
0x00007ff88bd50000 - 0x00007ff88bdf8000 	C:\Windows\System32\shcore.dll
0x00007ff889ab0000 - 0x00007ff88a1ff000 	C:\Windows\System32\windows.storage.dll
0x00007ff889840000 - 0x00007ff889864000 	C:\Windows\System32\profapi.dll
0x00007ff8897c0000 - 0x00007ff88981d000 	C:\Windows\System32\powrprof.dll
0x00007ff88afd0000 - 0x00007ff88b022000 	C:\Windows\System32\shlwapi.dll
0x00007ff889820000 - 0x00007ff889831000 	C:\Windows\System32\kernel.appcore.dll
0x00007ff88a810000 - 0x00007ff88a827000 	C:\Windows\System32\cryptsp.dll
0x00007ff87ce00000 - 0x00007ff87ce09000 	D:\Program Files\Java\jdk1.8.0_202\jre\bin\dt_socket.dll
0x00007ff872e00000 - 0x00007ff872e2a000 	D:\Program Files (x86)\Tencent\QMProxyAccelerator\3.0.5989.135\QMProxyAccLsp64.dll
0x00007ff889870000 - 0x00007ff889a4c000 	C:\Windows\System32\CRYPT32.dll
0x00007ff8897a0000 - 0x00007ff8897b2000 	C:\Windows\System32\MSASN1.dll
0x00007ff888a80000 - 0x00007ff888ae7000 	C:\Windows\system32\mswsock.dll
0x00007ff87a100000 - 0x00007ff87a10a000 	C:\Windows\system32\wshqos.dll
0x00007ff879b90000 - 0x00007ff879b98000 	C:\Windows\SYSTEM32\wshtcpip.DLL
0x00007ff879ab0000 - 0x00007ff879ab8000 	C:\Windows\SYSTEM32\wship6.dll
0x00007ff872280000 - 0x00007ff87228d000 	D:\Program Files\Java\jdk1.8.0_202\jre\bin\management.dll
0x00007ff862c40000 - 0x00007ff862c5a000 	D:\Program Files\Java\jdk1.8.0_202\jre\bin\net.dll
0x00007ff8812f0000 - 0x00007ff8814c7000 	C:\Windows\SYSTEM32\urlmon.dll
0x00007ff87ec10000 - 0x00007ff87eeb8000 	C:\Windows\SYSTEM32\iertutil.dll
0x00007ff888c50000 - 0x00007ff888c5c000 	C:\Windows\SYSTEM32\CRYPTBASE.DLL
0x00007ff862060000 - 0x00007ff862072000 	D:\Program Files\Java\jdk1.8.0_202\jre\bin\nio.dll
0x00007ff879950000 - 0x00007ff87999b000 	C:\Program Files (x86)\Sangfor\SSL\ClientComponent\2_SangforNspX64.dll
0x00007ff88ad30000 - 0x00007ff88ae85000 	C:\Windows\System32\ole32.dll
0x00007ff88af00000 - 0x00007ff88afc4000 	C:\Windows\System32\OLEAUT32.dll
0x00007ff8796f0000 - 0x00007ff879706000 	C:\Windows\system32\napinsp.dll
0x00007ff879580000 - 0x00007ff87959a000 	C:\Windows\system32\pnrpnsp.dll
0x00007ff8887f0000 - 0x00007ff8888b7000 	C:\Windows\SYSTEM32\DNSAPI.dll
0x00007ff88bbd0000 - 0x00007ff88bbd8000 	C:\Windows\System32\NSI.dll
0x00007ff8887b0000 - 0x00007ff8887ed000 	C:\Windows\SYSTEM32\IPHLPAPI.DLL
0x00007ff8796c0000 - 0x00007ff8796ce000 	C:\Windows\System32\winrnr.dll
0x00007ff885db0000 - 0x00007ff885dcb000 	C:\Windows\system32\NLAapi.dll
0x00007ff8796a0000 - 0x00007ff8796b5000 	C:\Windows\system32\wshbth.dll
0x00007ff87e830000 - 0x00007ff87e83a000 	C:\Windows\System32\rasadhlp.dll
0x00007ff87eee0000 - 0x00007ff87ef59000 	C:\Windows\System32\fwpuclnt.dll
0x00007ff88a280000 - 0x00007ff88a2a6000 	C:\Windows\System32\bcrypt.dll
0x00007ff888610000 - 0x00007ff888643000 	C:\Windows\system32\rsaenh.dll
0x00007ff889690000 - 0x00007ff8896b8000 	C:\Windows\SYSTEM32\USERENV.dll
0x00007ff883c80000 - 0x00007ff883c96000 	C:\Windows\SYSTEM32\dhcpcsvc6.DLL
0x00007ff883bf0000 - 0x00007ff883c0c000 	C:\Windows\SYSTEM32\dhcpcsvc.DLL
0x00007ff889270000 - 0x00007ff88945d000 	C:\Windows\SYSTEM32\dbghelp.dll

VM Arguments:
jvm_args: -agentlib:jdwp=transport=dt_socket,address=127.0.0.1:59948,suspend=y,server=n -XX:TieredStopAtLevel=1 -Xverify:none -Dspring.output.ansi.enabled=always -Dcom.sun.management.jmxremote -Dcom.sun.management.jmxremote.port=59947 -Dcom.sun.management.jmxremote.authenticate=false -Dcom.sun.management.jmxremote.ssl=false -Djava.rmi.server.hostname=localhost -Dspring.liveBeansView.mbeanDomain -Dspring.application.admin.enabled=true -Dfile.encoding=UTF-8 
java_command: com.payment.provider.PaymentProviderApplication --server.port=8001
java_class_path (initial): D:\Program Files\Java\jdk1.8.0_202\jre\lib\charsets.jar;D:\Program Files\Java\jdk1.8.0_202\jre\lib\deploy.jar;D:\Program Files\Java\jdk1.8.0_202\jre\lib\ext\access-bridge-64.jar;D:\Program Files\Java\jdk1.8.0_202\jre\lib\ext\cldrdata.jar;D:\Program Files\Java\jdk1.8.0_202\jre\lib\ext\dnsns.jar;D:\Program Files\Java\jdk1.8.0_202\jre\lib\ext\jaccess.jar;D:\Program Files\Java\jdk1.8.0_202\jre\lib\ext\jfxrt.jar;D:\Program Files\Java\jdk1.8.0_202\jre\lib\ext\localedata.jar;D:\Program Files\Java\jdk1.8.0_202\jre\lib\ext\nashorn.jar;D:\Program Files\Java\jdk1.8.0_202\jre\lib\ext\sunec.jar;D:\Program Files\Java\jdk1.8.0_202\jre\lib\ext\sunjce_provider.jar;D:\Program Files\Java\jdk1.8.0_202\jre\lib\ext\sunmscapi.jar;D:\Program Files\Java\jdk1.8.0_202\jre\lib\ext\sunpkcs11.jar;D:\Program Files\Java\jdk1.8.0_202\jre\lib\ext\zipfs.jar;D:\Program Files\Java\jdk1.8.0_202\jre\lib\javaws.jar;D:\Program Files\Java\jdk1.8.0_202\jre\lib\jce.jar;D:\Program Files\Java\jdk1.8.0_202\jre\lib\jfr.jar;D:\Program Files\Java\jdk1.8.0_202\jre\lib\jfxswt.jar;D:\Program Files\Java\jdk1.8.0_202\jre\lib\jsse.jar;D:\Program Files\Java\jdk1.8.0_202\jre\lib\management-agent.jar;D:\Program Files\Java\jdk1.8.0_202\jre\lib\plugin.jar;D:\Program Files\Java\jdk1.8.0_202\jre\lib\resources.jar;D:\Program Files\Java\jdk1.8.0_202\jre\lib\rt.jar;D:\IDEALProject\springcloud2020\payment-provider-service\target\classes;D:\IDEALProject\springcloud2020\common-service\target\classes;C:\Users\Administrator\.m2\repository\cn\hutool\hutool-all\5.2.0\hutool-all-5.2.0.jar;C:\Users\Administrator\.m2\repository\org\springframework\boot\spring-boot-starter-web\2.2.2.RELEASE\spring-boot-starter-web-2.2.2.RELEASE.jar;C:\Users\Administrator\.m2\repository\org\springframework\boot\spring-boot-starter\2.2.2.RELEASE\spring-boot-starter-2.2.2.RELEASE.jar;C:\Users\Administrator\.m2\repository\org\springframework\boot\spring-boot-starter-logging\2.2.2.RELEASE\spring-boot-starter-logging-2.2.2.RELEASE.jar;
Launcher Type: SUN_STANDARD

Environment Variables:
JAVA_HOME=D:\Program Files\Java\jdk1.8.0_202
CLASSPATH=.;D:\Program Files\Java\jdk1.8.0_202\lib;D:\Program Files\Java\jdk1.8.0_202\lib\tools.jar
PATH=C:\Program Files (x86)\Common Files\Oracle\Java\javapath;C:\Windows\system32;C:\Windows;C:\Windows\System32\Wbem;C:\Windows\System32\WindowsPowerShell\v1.0\;C:\Windows\System32\OpenSSH\;D:\Program Files\Java\jdk1.8.0_202\bin;D:\Program Files\Java\jdk1.8.0_202\jre1.8.0_202\bin;D:\Program Files\Java\apache-maven-3.5.2\bin;D:\Program Files (x86)\Microsoft SQL Server\110\DTS\Binn\;D:\Program Files (x86)\Microsoft SQL Server\110\Tools\Binn\;D:\Program Files (x86)\Microsoft SQL Server\110\Tools\Binn\ManagementStudio\;C:\Program Files (x86)\Microsoft Visual Studio 10.0\Common7\IDE\PrivateAssemblies\;D:\Program Files\Git\cmd;C:\Program Files (x86)\Common Files\Thunder Network\KanKan\Codecs;D:\Program Files\nodejs\;D:\Program Files\Microsoft VS Code\bin;D:\Program Files\erl10.0.1\bin;D:\Program Files\RabbitMQ Server\rabbitmq_server-3.7.7\sbin;D:\Program Files\Java\phantomjs-2.1.1-windows\bin;C:\Users\Administrator\.app\;C:\Users\Administrator\AppData\Local\Microsoft\WindowsApps;C:\Users\Administrator\AppData\Roaming\npm;C:\Users\Administrator\AppData\Local\BypassRuntm
USERNAME=Administrator
OS=Windows_NT
PROCESSOR_IDENTIFIER=AMD64 Family 23 Model 8 Stepping 2, AuthenticAMD



---------------  S Y S T E M  ---------------

OS: Windows 10.0 , 64 bit Build 17763 (10.0.17763.1158)

CPU:total 12 (initial active 12) (12 cores per cpu, 1 threads per core) family 23 model 8 stepping 2, cmov, cx8, fxsr, mmx, sse, sse2, sse3, ssse3, sse4.1, sse4.2, popcnt, avx, avx2, aes, clmul, mmxext, 3dnowpref, lzcnt, sse4a, tsc, tscinvbit, tscinv, bmi1

Memory: 4k page, physical 16727068k(8305116k free), swap 35601436k(19352684k free)

vm_info: Java HotSpot(TM) 64-Bit Server VM (25.202-b08) for windows-amd64 JRE (1.8.0_202-b08), built on Dec 15 2018 19:54:30 by "java_re" with MS VC++ 10.0 (VS2010)

time: Fri Jul 03 00:01:09 2020
timezone: 中国标准时间
elapsed time: 3 seconds (0d 0h 0m 3s)

